[07-Nov-2014 15:00:46 Asia/Bangkok] PHP Parse error:  syntax error, unexpected end of file, expecting function (T_FUNCTION) in /var/www/bike.ball.dev/application/controllers/admin_bike.php on line 36
[07-Nov-2014 15:01:12 Asia/Bangkok] PHP Parse error:  syntax error, unexpected end of file, expecting function (T_FUNCTION) in /var/www/bike.ball.dev/application/controllers/admin_bike.php on line 30
[07-Nov-2014 15:01:13 Asia/Bangkok] PHP Parse error:  syntax error, unexpected end of file, expecting function (T_FUNCTION) in /var/www/bike.ball.dev/application/controllers/admin_bike.php on line 30
[07-Nov-2014 15:02:23 Asia/Bangkok] PHP Parse error:  syntax error, unexpected end of file, expecting function (T_FUNCTION) in /var/www/bike.ball.dev/application/controllers/admin_bike.php on line 30
[07-Nov-2014 15:02:23 Asia/Bangkok] PHP Parse error:  syntax error, unexpected end of file, expecting function (T_FUNCTION) in /var/www/bike.ball.dev/application/controllers/admin_bike.php on line 30
[07-Nov-2014 15:05:57 Asia/Bangkok] PHP Parse error:  syntax error, unexpected end of file, expecting function (T_FUNCTION) in /var/www/bike.ball.dev/application/controllers/admin_bike.php on line 30
[07-Nov-2014 15:05:58 Asia/Bangkok] PHP Parse error:  syntax error, unexpected end of file, expecting function (T_FUNCTION) in /var/www/bike.ball.dev/application/controllers/admin_bike.php on line 30
[07-Nov-2014 15:05:58 Asia/Bangkok] PHP Parse error:  syntax error, unexpected end of file, expecting function (T_FUNCTION) in /var/www/bike.ball.dev/application/controllers/admin_bike.php on line 30
[07-Nov-2014 15:05:59 Asia/Bangkok] PHP Parse error:  syntax error, unexpected end of file, expecting function (T_FUNCTION) in /var/www/bike.ball.dev/application/controllers/admin_bike.php on line 30
[07-Nov-2014 15:05:59 Asia/Bangkok] PHP Parse error:  syntax error, unexpected end of file, expecting function (T_FUNCTION) in /var/www/bike.ball.dev/application/controllers/admin_bike.php on line 30
[07-Nov-2014 15:05:59 Asia/Bangkok] PHP Parse error:  syntax error, unexpected end of file, expecting function (T_FUNCTION) in /var/www/bike.ball.dev/application/controllers/admin_bike.php on line 30
[07-Nov-2014 15:06:26 Asia/Bangkok] PHP Parse error:  syntax error, unexpected end of file, expecting function (T_FUNCTION) in /var/www/bike.ball.dev/application/controllers/admin_bike.php on line 30
[07-Nov-2014 15:06:44 Asia/Bangkok] PHP Parse error:  syntax error, unexpected end of file, expecting function (T_FUNCTION) in /var/www/bike.ball.dev/application/controllers/admin_bike.php on line 30
[07-Nov-2014 15:06:44 Asia/Bangkok] PHP Parse error:  syntax error, unexpected end of file, expecting function (T_FUNCTION) in /var/www/bike.ball.dev/application/controllers/admin_bike.php on line 30
[07-Nov-2014 15:06:44 Asia/Bangkok] PHP Parse error:  syntax error, unexpected end of file, expecting function (T_FUNCTION) in /var/www/bike.ball.dev/application/controllers/admin_bike.php on line 30
[07-Nov-2014 15:06:45 Asia/Bangkok] PHP Parse error:  syntax error, unexpected end of file, expecting function (T_FUNCTION) in /var/www/bike.ball.dev/application/controllers/admin_bike.php on line 30
[07-Nov-2014 15:06:45 Asia/Bangkok] PHP Parse error:  syntax error, unexpected end of file, expecting function (T_FUNCTION) in /var/www/bike.ball.dev/application/controllers/admin_bike.php on line 30
[07-Nov-2014 15:07:35 Asia/Bangkok] PHP Parse error:  syntax error, unexpected end of file, expecting function (T_FUNCTION) in /var/www/bike.ball.dev/application/controllers/admin_bike.php on line 29
[07-Nov-2014 15:07:36 Asia/Bangkok] PHP Parse error:  syntax error, unexpected end of file, expecting function (T_FUNCTION) in /var/www/bike.ball.dev/application/controllers/admin_bike.php on line 29
[07-Nov-2014 15:07:36 Asia/Bangkok] PHP Parse error:  syntax error, unexpected end of file, expecting function (T_FUNCTION) in /var/www/bike.ball.dev/application/controllers/admin_bike.php on line 29
[07-Nov-2014 15:07:37 Asia/Bangkok] PHP Parse error:  syntax error, unexpected end of file, expecting function (T_FUNCTION) in /var/www/bike.ball.dev/application/controllers/admin_bike.php on line 29
[07-Nov-2014 15:07:37 Asia/Bangkok] PHP Parse error:  syntax error, unexpected end of file, expecting function (T_FUNCTION) in /var/www/bike.ball.dev/application/controllers/admin_bike.php on line 29
[07-Nov-2014 15:08:28 Asia/Bangkok] PHP Parse error:  syntax error, unexpected end of file, expecting function (T_FUNCTION) in /var/www/bike.ball.dev/application/controllers/admin_bike.php on line 32
[07-Nov-2014 15:08:28 Asia/Bangkok] PHP Parse error:  syntax error, unexpected end of file, expecting function (T_FUNCTION) in /var/www/bike.ball.dev/application/controllers/admin_bike.php on line 32
[07-Nov-2014 15:08:28 Asia/Bangkok] PHP Parse error:  syntax error, unexpected end of file, expecting function (T_FUNCTION) in /var/www/bike.ball.dev/application/controllers/admin_bike.php on line 32
[07-Nov-2014 15:08:29 Asia/Bangkok] PHP Parse error:  syntax error, unexpected end of file, expecting function (T_FUNCTION) in /var/www/bike.ball.dev/application/controllers/admin_bike.php on line 32
[07-Nov-2014 15:08:29 Asia/Bangkok] PHP Parse error:  syntax error, unexpected end of file, expecting function (T_FUNCTION) in /var/www/bike.ball.dev/application/controllers/admin_bike.php on line 32
[07-Nov-2014 15:13:36 Asia/Bangkok] PHP Parse error:  syntax error, unexpected end of file, expecting function (T_FUNCTION) in /var/www/bike.ball.dev/application/controllers/admin_bike.php on line 32
[07-Nov-2014 15:13:36 Asia/Bangkok] PHP Parse error:  syntax error, unexpected end of file, expecting function (T_FUNCTION) in /var/www/bike.ball.dev/application/controllers/admin_bike.php on line 32
[07-Nov-2014 15:13:36 Asia/Bangkok] PHP Parse error:  syntax error, unexpected end of file, expecting function (T_FUNCTION) in /var/www/bike.ball.dev/application/controllers/admin_bike.php on line 32
[07-Nov-2014 15:14:35 Asia/Bangkok] PHP Fatal error:  Uncaught exception 'Exception' with message 'The table name does not exist. Please check you database and try again.' in /var/www/bike.ball.dev/application/libraries/Grocery_CRUD.php:4725
Stack trace:
#0 /var/www/bike.ball.dev/application/libraries/Grocery_CRUD.php(4233): Grocery_CRUD->get_table()
#1 /var/www/bike.ball.dev/application/libraries/Grocery_CRUD.php(4249): Grocery_CRUD->pre_render()
#2 /var/www/bike.ball.dev/application/controllers/admin_bike.php(19): Grocery_CRUD->render()
#3 [internal function]: Admin_bike->index()
#4 /var/www/bike.ball.dev/system/core/CodeIgniter.php(359): call_user_func_array(Array, Array)
#5 /var/www/bike.ball.dev/index.php(202): require_once('/var/www/bike.b...')
#6 {main}
  thrown in /var/www/bike.ball.dev/application/libraries/Grocery_CRUD.php on line 4725
[07-Nov-2014 15:14:36 Asia/Bangkok] PHP Fatal error:  Uncaught exception 'Exception' with message 'The table name does not exist. Please check you database and try again.' in /var/www/bike.ball.dev/application/libraries/Grocery_CRUD.php:4725
Stack trace:
#0 /var/www/bike.ball.dev/application/libraries/Grocery_CRUD.php(4233): Grocery_CRUD->get_table()
#1 /var/www/bike.ball.dev/application/libraries/Grocery_CRUD.php(4249): Grocery_CRUD->pre_render()
#2 /var/www/bike.ball.dev/application/controllers/admin_bike.php(19): Grocery_CRUD->render()
#3 [internal function]: Admin_bike->index()
#4 /var/www/bike.ball.dev/system/core/CodeIgniter.php(359): call_user_func_array(Array, Array)
#5 /var/www/bike.ball.dev/index.php(202): require_once('/var/www/bike.b...')
#6 {main}
  thrown in /var/www/bike.ball.dev/application/libraries/Grocery_CRUD.php on line 4725
[07-Nov-2014 15:14:37 Asia/Bangkok] PHP Fatal error:  Uncaught exception 'Exception' with message 'The table name does not exist. Please check you database and try again.' in /var/www/bike.ball.dev/application/libraries/Grocery_CRUD.php:4725
Stack trace:
#0 /var/www/bike.ball.dev/application/libraries/Grocery_CRUD.php(4233): Grocery_CRUD->get_table()
#1 /var/www/bike.ball.dev/application/libraries/Grocery_CRUD.php(4249): Grocery_CRUD->pre_render()
#2 /var/www/bike.ball.dev/application/controllers/admin_bike.php(19): Grocery_CRUD->render()
#3 [internal function]: Admin_bike->index()
#4 /var/www/bike.ball.dev/system/core/CodeIgniter.php(359): call_user_func_array(Array, Array)
#5 /var/www/bike.ball.dev/index.php(202): require_once('/var/www/bike.b...')
#6 {main}
  thrown in /var/www/bike.ball.dev/application/libraries/Grocery_CRUD.php on line 4725
[07-Nov-2014 15:14:37 Asia/Bangkok] PHP Fatal error:  Uncaught exception 'Exception' with message 'The table name does not exist. Please check you database and try again.' in /var/www/bike.ball.dev/application/libraries/Grocery_CRUD.php:4725
Stack trace:
#0 /var/www/bike.ball.dev/application/libraries/Grocery_CRUD.php(4233): Grocery_CRUD->get_table()
#1 /var/www/bike.ball.dev/application/libraries/Grocery_CRUD.php(4249): Grocery_CRUD->pre_render()
#2 /var/www/bike.ball.dev/application/controllers/admin_bike.php(19): Grocery_CRUD->render()
#3 [internal function]: Admin_bike->index()
#4 /var/www/bike.ball.dev/system/core/CodeIgniter.php(359): call_user_func_array(Array, Array)
#5 /var/www/bike.ball.dev/index.php(202): require_once('/var/www/bike.b...')
#6 {main}
  thrown in /var/www/bike.ball.dev/application/libraries/Grocery_CRUD.php on line 4725
